<?xml version="1.0" encoding="UTF-8"?>
<!-- Generated by org.testng.reporters.JUnitXMLReporter -->
<testsuite ignored="0" hostname="DESKTOP-C4DB2QQ" failures="0" tests="3" name="Default test" time="21.344" errors="0" timestamp="30 Apr 2023 04:28:44 GMT">
  <testcase classname="testcases.LoginTest" name="test1" time="4.94"/>
  <testcase classname="testcases.LoginTest" name="test2" time="6.111"/>
  <testcase classname="testcases.LoginTest" name="test4" time="4.875"/>
</testsuite> <!-- Default test -->
