<?xml version="1.0" encoding="UTF-8"?>
<testng-results skipped="0" failed="0" ignored="0" total="1" passed="1">
  <reporter-output>
  </reporter-output>
  <suite name="Suite" duration-ms="3284" started-at="2023-04-30T06:55:08Z" finished-at="2023-04-30T06:55:11Z">
    <groups>
    </groups>
    <test name="Test" duration-ms="3284" started-at="2023-04-30T06:55:08Z" finished-at="2023-04-30T06:55:11Z">
      <class name="testcases.HomePage">
        <test-method status="PASS" signature="ReportSetup()[pri:0, instance:testcases.HomePage@6a79c292]" name="ReportSetup" is-config="true" duration-ms="338" started-at="2023-04-30T06:55:08Z" finished-at="2023-04-30T06:55:08Z">
          <reporter-output>
          </reporter-output>
        </test-method> <!-- ReportSetup -->
        <test-method status="PASS" signature="SetUp(java.lang.reflect.Method)[pri:0, instance:testcases.HomePage@6a79c292]" name="SetUp" is-config="true" duration-ms="2213" started-at="2023-04-30T06:55:08Z" finished-at="2023-04-30T06:55:10Z">
          <params>
            <param index="0">
              <value>
                <![CDATA[public void testcases.HomePage.test_3()]]>
              </value>
            </param>
          </params>
          <reporter-output>
          </reporter-output>
        </test-method> <!-- SetUp -->
        <test-method status="PASS" signature="test_3()[pri:1, instance:testcases.HomePage@6a79c292]" name="test_3" duration-ms="1" started-at="2023-04-30T06:55:10Z" finished-at="2023-04-30T06:55:10Z">
          <reporter-output>
          </reporter-output>
        </test-method> <!-- test_3 -->
        <test-method status="PASS" signature="TearDown()[pri:0, instance:testcases.HomePage@6a79c292]" name="TearDown" is-config="true" duration-ms="580" started-at="2023-04-30T06:55:10Z" finished-at="2023-04-30T06:55:11Z">
          <reporter-output>
          </reporter-output>
        </test-method> <!-- TearDown -->
        <test-method status="PASS" signature="Reportclean()[pri:0, instance:testcases.HomePage@6a79c292]" name="Reportclean" is-config="true" duration-ms="142" started-at="2023-04-30T06:55:11Z" finished-at="2023-04-30T06:55:11Z">
          <reporter-output>
          </reporter-output>
        </test-method> <!-- Reportclean -->
      </class> <!-- testcases.HomePage -->
    </test> <!-- Test -->
  </suite> <!-- Suite -->
</testng-results>
