<?xml version="1.0" encoding="UTF-8"?>
<testng-results ignored="0" total="3" passed="3" failed="0" skipped="0">
  <reporter-output>
  </reporter-output>
  <suite started-at="2023-04-30T04:28:23Z" name="Default suite" finished-at="2023-04-30T04:28:44Z" duration-ms="21344">
    <groups>
    </groups>
    <test started-at="2023-04-30T04:28:23Z" name="Default test" finished-at="2023-04-30T04:28:44Z" duration-ms="21344">
      <class name="testcases.LoginTest">
        <test-method is-config="true" signature="ReportSetup()[pri:0, instance:testcases.LoginTest@43b9fd5]" started-at="2023-04-30T04:28:23Z" name="ReportSetup" finished-at="2023-04-30T04:28:23Z" duration-ms="441" status="PASS">
          <reporter-output>
          </reporter-output>
        </test-method> <!-- ReportSetup -->
        <test-method is-config="true" signature="SetUp(java.lang.reflect.Method)[pri:0, instance:testcases.LoginTest@43b9fd5]" started-at="2023-04-30T04:28:23Z" name="SetUp" finished-at="2023-04-30T04:28:25Z" duration-ms="1979" status="PASS">
          <params>
            <param index="0">
              <value>
                <![CDATA[public void testcases.LoginTest.test1() throws java.lang.InterruptedException]]>
              </value>
            </param>
          </params>
          <reporter-output>
          </reporter-output>
        </test-method> <!-- SetUp -->
        <test-method signature="test1()[pri:2, instance:testcases.LoginTest@43b9fd5]" started-at="2023-04-30T04:28:25Z" name="test1" finished-at="2023-04-30T04:28:30Z" duration-ms="4940" status="PASS">
          <reporter-output>
          </reporter-output>
        </test-method> <!-- test1 -->
        <test-method is-config="true" signature="TearDown()[pri:0, instance:testcases.LoginTest@43b9fd5]" started-at="2023-04-30T04:28:30Z" name="TearDown" finished-at="2023-04-30T04:28:30Z" duration-ms="83" status="PASS">
          <reporter-output>
          </reporter-output>
        </test-method> <!-- TearDown -->
        <test-method is-config="true" signature="SetUp(java.lang.reflect.Method)[pri:0, instance:testcases.LoginTest@43b9fd5]" started-at="2023-04-30T04:28:30Z" name="SetUp" finished-at="2023-04-30T04:28:32Z" duration-ms="1266" status="PASS">
          <params>
            <param index="0">
              <value>
                <![CDATA[public void testcases.LoginTest.test2() throws java.lang.InterruptedException]]>
              </value>
            </param>
          </params>
          <reporter-output>
          </reporter-output>
        </test-method> <!-- SetUp -->
        <test-method signature="test2()[pri:3, instance:testcases.LoginTest@43b9fd5]" started-at="2023-04-30T04:28:32Z" name="test2" finished-at="2023-04-30T04:28:38Z" duration-ms="6111" status="PASS">
          <reporter-output>
          </reporter-output>
        </test-method> <!-- test2 -->
        <test-method is-config="true" signature="TearDown()[pri:0, instance:testcases.LoginTest@43b9fd5]" started-at="2023-04-30T04:28:38Z" name="TearDown" finished-at="2023-04-30T04:28:38Z" duration-ms="90" status="PASS">
          <reporter-output>
          </reporter-output>
        </test-method> <!-- TearDown -->
        <test-method is-config="true" signature="SetUp(java.lang.reflect.Method)[pri:0, instance:testcases.LoginTest@43b9fd5]" started-at="2023-04-30T04:28:38Z" name="SetUp" finished-at="2023-04-30T04:28:39Z" duration-ms="1301" status="PASS">
          <params>
            <param index="0">
              <value>
                <![CDATA[public void testcases.LoginTest.test4() throws java.lang.InterruptedException,com.codoid.products.exception.FilloException]]>
              </value>
            </param>
          </params>
          <reporter-output>
          </reporter-output>
        </test-method> <!-- SetUp -->
        <test-method signature="test4()[pri:4, instance:testcases.LoginTest@43b9fd5]" started-at="2023-04-30T04:28:39Z" name="test4" finished-at="2023-04-30T04:28:44Z" duration-ms="4875" status="PASS">
          <reporter-output>
          </reporter-output>
        </test-method> <!-- test4 -->
        <test-method is-config="true" signature="TearDown()[pri:0, instance:testcases.LoginTest@43b9fd5]" started-at="2023-04-30T04:28:44Z" name="TearDown" finished-at="2023-04-30T04:28:44Z" duration-ms="81" status="PASS">
          <reporter-output>
          </reporter-output>
        </test-method> <!-- TearDown -->
        <test-method is-config="true" signature="Reportclean()[pri:0, instance:testcases.LoginTest@43b9fd5]" started-at="2023-04-30T04:28:44Z" name="Reportclean" finished-at="2023-04-30T04:28:44Z" duration-ms="159" status="PASS">
          <reporter-output>
          </reporter-output>
        </test-method> <!-- Reportclean -->
      </class> <!-- testcases.LoginTest -->
    </test> <!-- Default test -->
  </suite> <!-- Default suite -->
</testng-results>
